{"C:\\Users\\nirom\\Documents\\Proyectos Personales Programacion\\InventoryAPI\\server\\src\\server.ts": {"path":"C:\\Users\\nirom\\Documents\\Proyectos Personales Programacion\\InventoryAPI\\server\\src\\server.ts","statementMap":{"0":{"start":{"line":1,"column":0},"end":{"line":1,"column":30}},"1":{"start":{"line":2,"column":0},"end":{"line":2,"column":29}},"2":{"start":{"line":3,"column":0},"end":{"line":3,"column":37}},"3":{"start":{"line":5,"column":18},"end":{"line":13,"column":1}},"4":{"start":{"line":6,"column":4},"end":{"line":12,"column":5}},"5":{"start":{"line":7,"column":8},"end":{"line":7,"column":null}},"6":{"start":{"line":8,"column":8},"end":{"line":8,"column":null}},"7":{"start":{"line":15,"column":0},"end":{"line":15,"column":12}},"8":{"start":{"line":16,"column":15},"end":{"line":16,"column":24}},"9":{"start":{"line":18,"column":0},"end":{"line":18,"column":null}},"10":{"start":{"line":20,"column":0},"end":{"line":20,"column":null}},"11":{"start":{"line":22,"column":0},"end":{"line":22,"column":null}},"12":{"start":{"line":22,"column":33},"end":{"line":22,"column":61}},"13":{"start":{"line":24,"column":0},"end":{"line":24,"column":null}}},"fnMap":{"0":{"name":"(anonymous_1)","decl":{"start":{"line":5,"column":18},"end":{"line":5,"column":23}},"loc":{"start":{"line":5,"column":29},"end":{"line":13,"column":1}}},"1":{"name":"(anonymous_2)","decl":{"start":{"line":22,"column":19},"end":{"line":22,"column":20}},"loc":{"start":{"line":22,"column":31},"end":{"line":22,"column":61}}}},"branchMap":{},"s":{"0":2,"1":2,"2":2,"3":2,"4":2,"5":2,"6":1,"7":2,"8":2,"9":2,"10":2,"11":2,"12":1,"13":2},"f":{"0":2,"1":1},"b":{}}
,"C:\\Users\\nirom\\Documents\\Proyectos Personales Programacion\\InventoryAPI\\server\\src\\config\\db.ts": {"path":"C:\\Users\\nirom\\Documents\\Proyectos Personales Programacion\\InventoryAPI\\server\\src\\config\\db.ts","statementMap":{"0":{"start":{"line":1,"column":0},"end":{"line":1,"column":28}},"1":{"start":{"line":2,"column":0},"end":{"line":2,"column":49}},"2":{"start":{"line":4,"column":0},"end":{"line":4,"column":16}},"3":{"start":{"line":6,"column":11},"end":{"line":9,"column":2}},"4":{"start":{"line":11,"column":0},"end":{"line":11,"column":18}}},"fnMap":{},"branchMap":{},"s":{"0":2,"1":2,"2":2,"3":2,"4":2},"f":{},"b":{}}
,"C:\\Users\\nirom\\Documents\\Proyectos Personales Programacion\\InventoryAPI\\server\\src\\handlers\\product.ts": {"path":"C:\\Users\\nirom\\Documents\\Proyectos Personales Programacion\\InventoryAPI\\server\\src\\handlers\\product.ts","statementMap":{"0":{"start":{"line":1,"column":0},"end":{"line":1,"column":28}},"1":{"start":{"line":3,"column":0},"end":{"line":3,"column":46}},"2":{"start":{"line":5,"column":27},"end":{"line":14,"column":1}},"3":{"start":{"line":6,"column":2},"end":{"line":13,"column":3}},"4":{"start":{"line":7,"column":21},"end":{"line":9,"column":6}},"5":{"start":{"line":10,"column":4},"end":{"line":10,"column":33}},"6":{"start":{"line":12,"column":4},"end":{"line":12,"column":44}},"7":{"start":{"line":5,"column":13},"end":{"line":5,"column":27}},"8":{"start":{"line":16,"column":31},"end":{"line":30,"column":1}},"9":{"start":{"line":17,"column":2},"end":{"line":29,"column":3}},"10":{"start":{"line":18,"column":19},"end":{"line":18,"column":29}},"11":{"start":{"line":20,"column":20},"end":{"line":20,"column":46}},"12":{"start":{"line":21,"column":4},"end":{"line":25,"column":5}},"13":{"start":{"line":22,"column":6},"end":{"line":22,"column":61}},"14":{"start":{"line":24,"column":6},"end":{"line":24,"column":34}},"15":{"start":{"line":27,"column":4},"end":{"line":27,"column":43}},"16":{"start":{"line":28,"column":4},"end":{"line":28,"column":21}},"17":{"start":{"line":16,"column":13},"end":{"line":16,"column":31}},"18":{"start":{"line":32,"column":29},"end":{"line":42,"column":1}},"19":{"start":{"line":33,"column":2},"end":{"line":41,"column":3}},"20":{"start":{"line":34,"column":21},"end":{"line":34,"column":24}},"21":{"start":{"line":36,"column":20},"end":{"line":36,"column":46}},"22":{"start":{"line":38,"column":4},"end":{"line":38,"column":44}},"23":{"start":{"line":40,"column":4},"end":{"line":40,"column":43}},"24":{"start":{"line":32,"column":13},"end":{"line":32,"column":29}},"25":{"start":{"line":44,"column":29},"end":{"line":60,"column":1}},"26":{"start":{"line":45,"column":2},"end":{"line":59,"column":3}},"27":{"start":{"line":46,"column":19},"end":{"line":46,"column":29}},"28":{"start":{"line":48,"column":20},"end":{"line":48,"column":46}},"29":{"start":{"line":49,"column":4},"end":{"line":55,"column":5}},"30":{"start":{"line":50,"column":6},"end":{"line":50,"column":61}},"31":{"start":{"line":52,"column":8},"end":{"line":52,"column":39}},"32":{"start":{"line":53,"column":8},"end":{"line":53,"column":29}},"33":{"start":{"line":54,"column":6},"end":{"line":54,"column":34}},"34":{"start":{"line":57,"column":4},"end":{"line":57,"column":43}},"35":{"start":{"line":58,"column":4},"end":{"line":58,"column":21}},"36":{"start":{"line":44,"column":13},"end":{"line":44,"column":29}},"37":{"start":{"line":62,"column":34},"end":{"line":78,"column":1}},"38":{"start":{"line":63,"column":2},"end":{"line":77,"column":3}},"39":{"start":{"line":64,"column":19},"end":{"line":64,"column":29}},"40":{"start":{"line":66,"column":20},"end":{"line":66,"column":46}},"41":{"start":{"line":67,"column":4},"end":{"line":73,"column":5}},"42":{"start":{"line":68,"column":6},"end":{"line":68,"column":61}},"43":{"start":{"line":70,"column":8},"end":{"line":70,"column":null}},"44":{"start":{"line":71,"column":8},"end":{"line":71,"column":29}},"45":{"start":{"line":72,"column":6},"end":{"line":72,"column":34}},"46":{"start":{"line":75,"column":4},"end":{"line":75,"column":43}},"47":{"start":{"line":76,"column":4},"end":{"line":76,"column":21}},"48":{"start":{"line":62,"column":13},"end":{"line":62,"column":34}},"49":{"start":{"line":80,"column":29},"end":{"line":96,"column":1}},"50":{"start":{"line":81,"column":2},"end":{"line":95,"column":3}},"51":{"start":{"line":82,"column":19},"end":{"line":82,"column":29}},"52":{"start":{"line":84,"column":20},"end":{"line":84,"column":46}},"53":{"start":{"line":85,"column":4},"end":{"line":91,"column":5}},"54":{"start":{"line":86,"column":6},"end":{"line":86,"column":61}},"55":{"start":{"line":88,"column":8},"end":{"line":88,"column":null}},"56":{"start":{"line":89,"column":8},"end":{"line":89,"column":29}},"57":{"start":{"line":90,"column":6},"end":{"line":90,"column":44}},"58":{"start":{"line":93,"column":4},"end":{"line":93,"column":43}},"59":{"start":{"line":94,"column":4},"end":{"line":94,"column":21}},"60":{"start":{"line":80,"column":13},"end":{"line":80,"column":29}}},"fnMap":{"0":{"name":"(anonymous_1)","decl":{"start":{"line":5,"column":27},"end":{"line":5,"column":32}},"loc":{"start":{"line":5,"column":65},"end":{"line":14,"column":1}}},"1":{"name":"(anonymous_2)","decl":{"start":{"line":16,"column":31},"end":{"line":16,"column":36}},"loc":{"start":{"line":16,"column":69},"end":{"line":30,"column":1}}},"2":{"name":"(anonymous_3)","decl":{"start":{"line":32,"column":29},"end":{"line":32,"column":34}},"loc":{"start":{"line":32,"column":67},"end":{"line":42,"column":1}}},"3":{"name":"(anonymous_4)","decl":{"start":{"line":44,"column":29},"end":{"line":44,"column":34}},"loc":{"start":{"line":44,"column":67},"end":{"line":60,"column":1}}},"4":{"name":"(anonymous_5)","decl":{"start":{"line":62,"column":34},"end":{"line":62,"column":39}},"loc":{"start":{"line":62,"column":72},"end":{"line":78,"column":1}}},"5":{"name":"(anonymous_6)","decl":{"start":{"line":80,"column":29},"end":{"line":80,"column":34}},"loc":{"start":{"line":80,"column":67},"end":{"line":96,"column":1}}}},"branchMap":{"0":{"loc":{"start":{"line":21,"column":4},"end":{"line":25,"column":5}},"type":"if","locations":[{"start":{"line":21,"column":4},"end":{"line":25,"column":5}},{"start":{"line":23,"column":11},"end":{"line":25,"column":5}}]},"1":{"loc":{"start":{"line":49,"column":4},"end":{"line":55,"column":5}},"type":"if","locations":[{"start":{"line":49,"column":4},"end":{"line":55,"column":5}},{"start":{"line":51,"column":11},"end":{"line":55,"column":5}}]},"2":{"loc":{"start":{"line":67,"column":4},"end":{"line":73,"column":5}},"type":"if","locations":[{"start":{"line":67,"column":4},"end":{"line":73,"column":5}},{"start":{"line":69,"column":11},"end":{"line":73,"column":5}}]},"3":{"loc":{"start":{"line":85,"column":4},"end":{"line":91,"column":5}},"type":"if","locations":[{"start":{"line":85,"column":4},"end":{"line":91,"column":5}},{"start":{"line":87,"column":11},"end":{"line":91,"column":5}}]}},"s":{"0":2,"1":2,"2":2,"3":2,"4":2,"5":2,"6":0,"7":2,"8":2,"9":2,"10":2,"11":2,"12":2,"13":1,"14":1,"15":0,"16":0,"17":2,"18":2,"19":1,"20":1,"21":1,"22":1,"23":0,"24":2,"25":2,"26":2,"27":2,"28":2,"29":2,"30":1,"31":1,"32":1,"33":1,"34":0,"35":0,"36":2,"37":2,"38":2,"39":2,"40":2,"41":2,"42":1,"43":1,"44":1,"45":1,"46":0,"47":0,"48":2,"49":2,"50":2,"51":2,"52":2,"53":2,"54":1,"55":1,"56":1,"57":1,"58":0,"59":0,"60":2},"f":{"0":2,"1":2,"2":1,"3":2,"4":2,"5":2},"b":{"0":[1,1],"1":[1,1],"2":[1,1],"3":[1,1]}}
,"C:\\Users\\nirom\\Documents\\Proyectos Personales Programacion\\InventoryAPI\\server\\src\\middlewares\\errors.ts": {"path":"C:\\Users\\nirom\\Documents\\Proyectos Personales Programacion\\InventoryAPI\\server\\src\\middlewares\\errors.ts","statementMap":{"0":{"start":{"line":2,"column":0},"end":{"line":2,"column":52}},"1":{"start":{"line":4,"column":33},"end":{"line":7,"column":1}},"2":{"start":{"line":5,"column":17},"end":{"line":5,"column":38}},"3":{"start":{"line":6,"column":4},"end":{"line":6,"column":null}},"4":{"start":{"line":4,"column":13},"end":{"line":4,"column":33}}},"fnMap":{"0":{"name":"(anonymous_0)","decl":{"start":{"line":4,"column":33},"end":{"line":4,"column":34}},"loc":{"start":{"line":4,"column":85},"end":{"line":7,"column":1}}}},"branchMap":{"0":{"loc":{"start":{"line":6,"column":4},"end":{"line":6,"column":79}},"type":"cond-expr","locations":[{"start":{"line":6,"column":24},"end":{"line":6,"column":70}},{"start":{"line":6,"column":73},"end":{"line":6,"column":79}}]}},"s":{"0":2,"1":2,"2":18,"3":18,"4":2},"f":{"0":18},"b":{"0":[9,9]}}
,"C:\\Users\\nirom\\Documents\\Proyectos Personales Programacion\\InventoryAPI\\server\\src\\models\\Product.model.ts": {"path":"C:\\Users\\nirom\\Documents\\Proyectos Personales Programacion\\InventoryAPI\\server\\src\\models\\Product.model.ts","statementMap":{"0":{"start":{"line":1,"column":0},"end":{"line":1,"column":79}},"1":{"start":{"line":7,"column":1},"end":{"line":24,"column":null}},"2":{"start":{"line":11,"column":12},"end":{"line":11,"column":null}},"3":{"start":{"line":16,"column":12},"end":{"line":16,"column":null}},"4":{"start":{"line":22,"column":12},"end":{"line":22,"column":null}},"5":{"start":{"line":7,"column":7},"end":{"line":24,"column":null}},"6":{"start":{"line":26,"column":0},"end":{"line":26,"column":null}}},"fnMap":{},"branchMap":{},"s":{"0":2,"1":2,"2":2,"3":2,"4":2,"5":2,"6":2},"f":{},"b":{}}
,"C:\\Users\\nirom\\Documents\\Proyectos Personales Programacion\\InventoryAPI\\server\\src\\routes\\routes.ts": {"path":"C:\\Users\\nirom\\Documents\\Proyectos Personales Programacion\\InventoryAPI\\server\\src\\routes\\routes.ts","statementMap":{"0":{"start":{"line":1,"column":0},"end":{"line":1,"column":33}},"1":{"start":{"line":2,"column":0},"end":{"line":2,"column":48}},"2":{"start":{"line":3,"column":0},"end":{"line":3,"column":132}},"3":{"start":{"line":4,"column":0},"end":{"line":4,"column":58}},"4":{"start":{"line":6,"column":15},"end":{"line":6,"column":23}},"5":{"start":{"line":9,"column":0},"end":{"line":9,"column":29}},"6":{"start":{"line":11,"column":0},"end":{"line":14,"column":21}},"7":{"start":{"line":16,"column":0},"end":{"line":33,"column":19}},"8":{"start":{"line":26,"column":23},"end":{"line":26,"column":32}},"9":{"start":{"line":35,"column":0},"end":{"line":39,"column":2}},"10":{"start":{"line":41,"column":0},"end":{"line":45,"column":2}},"11":{"start":{"line":47,"column":0},"end":{"line":61,"column":2}},"12":{"start":{"line":56,"column":23},"end":{"line":56,"column":32}},"13":{"start":{"line":63,"column":0},"end":{"line":63,"column":22}}},"fnMap":{"0":{"name":"(anonymous_0)","decl":{"start":{"line":26,"column":12},"end":{"line":26,"column":13}},"loc":{"start":{"line":26,"column":23},"end":{"line":26,"column":32}}},"1":{"name":"(anonymous_1)","decl":{"start":{"line":56,"column":12},"end":{"line":56,"column":13}},"loc":{"start":{"line":56,"column":23},"end":{"line":56,"column":32}}}},"branchMap":{},"s":{"0":2,"1":2,"2":2,"3":2,"4":2,"5":2,"6":2,"7":2,"8":5,"9":2,"10":2,"11":2,"12":4,"13":2},"f":{"0":5,"1":4},"b":{}}
}
