TN:
SF:src\server.ts
FN:5,(anonymous_1)
FN:22,(anonymous_2)
FNF:2
FNH:2
FNDA:2,(anonymous_1)
FNDA:1,(anonymous_2)
DA:1,2
DA:2,2
DA:3,2
DA:5,2
DA:6,2
DA:7,2
DA:8,1
DA:15,2
DA:16,2
DA:18,2
DA:20,2
DA:22,2
DA:24,2
LF:13
LH:13
BRF:0
BRH:0
end_of_record
TN:
SF:src\config\db.ts
FNF:0
FNH:0
DA:1,2
DA:2,2
DA:4,2
DA:6,2
DA:11,2
LF:5
LH:5
BRF:0
BRH:0
end_of_record
TN:
SF:src\handlers\product.ts
FN:5,(anonymous_1)
FN:16,(anonymous_2)
FN:32,(anonymous_3)
FN:44,(anonymous_4)
FN:62,(anonymous_5)
FN:80,(anonymous_6)
FNF:6
FNH:6
FNDA:2,(anonymous_1)
FNDA:2,(anonymous_2)
FNDA:1,(anonymous_3)
FNDA:2,(anonymous_4)
FNDA:2,(anonymous_5)
FNDA:2,(anonymous_6)
DA:1,2
DA:3,2
DA:5,2
DA:6,2
DA:7,2
DA:10,2
DA:12,0
DA:16,2
DA:17,2
DA:18,2
DA:20,2
DA:21,2
DA:22,1
DA:24,1
DA:27,0
DA:28,0
DA:32,2
DA:33,1
DA:34,1
DA:36,1
DA:38,1
DA:40,0
DA:44,2
DA:45,2
DA:46,2
DA:48,2
DA:49,2
DA:50,1
DA:52,1
DA:53,1
DA:54,1
DA:57,0
DA:58,0
DA:62,2
DA:63,2
DA:64,2
DA:66,2
DA:67,2
DA:68,1
DA:70,1
DA:71,1
DA:72,1
DA:75,0
DA:76,0
DA:80,2
DA:81,2
DA:82,2
DA:84,2
DA:85,2
DA:86,1
DA:88,1
DA:89,1
DA:90,1
DA:93,0
DA:94,0
LF:55
LH:45
BRDA:21,0,0,1
BRDA:21,0,1,1
BRDA:49,1,0,1
BRDA:49,1,1,1
BRDA:67,2,0,1
BRDA:67,2,1,1
BRDA:85,3,0,1
BRDA:85,3,1,1
BRF:8
BRH:8
end_of_record
TN:
SF:src\middlewares\errors.ts
FN:4,(anonymous_0)
FNF:1
FNH:1
FNDA:18,(anonymous_0)
DA:2,2
DA:4,2
DA:5,18
DA:6,18
LF:4
LH:4
BRDA:6,0,0,9
BRDA:6,0,1,9
BRF:2
BRH:2
end_of_record
TN:
SF:src\models\Product.model.ts
FNF:0
FNH:0
DA:1,2
DA:7,2
DA:11,2
DA:16,2
DA:22,2
DA:26,2
LF:6
LH:6
BRF:0
BRH:0
end_of_record
TN:
SF:src\routes\routes.ts
FN:26,(anonymous_0)
FN:56,(anonymous_1)
FNF:2
FNH:2
FNDA:5,(anonymous_0)
FNDA:4,(anonymous_1)
DA:1,2
DA:2,2
DA:3,2
DA:4,2
DA:6,2
DA:9,2
DA:11,2
DA:16,2
DA:26,5
DA:35,2
DA:41,2
DA:47,2
DA:56,4
DA:63,2
LF:14
LH:14
BRF:0
BRH:0
end_of_record
